<?xml version="1.0" encoding="UTF-8"?>
<!-- Generated by org.testng.reporters.JUnitReportReporter -->
<testsuite hostname="IT1806226" failures="0" tests="22" name="runner.RunnerFile3" time="1492.101" errors="0" timestamp="2022-03-22T23:05:27 IST" skipped="0">
  <testcase classname="runner.RunnerFile3" name="Scenario" time="42.971"/>
  <system-out/>
  <testcase classname="runner.RunnerFile3" name="Scenario" time="105.196"/>
  <system-out/>
  <testcase classname="runner.RunnerFile3" name="Scenario" time="27.295"/>
  <system-out/>
  <testcase classname="runner.RunnerFile3" name="Scenario" time="28.284"/>
  <system-out/>
  <testcase classname="runner.RunnerFile3" name="Scenario" time="26.210"/>
  <system-out/>
  <testcase classname="runner.RunnerFile3" name="Scenario" time="135.807"/>
  <system-out/>
  <testcase classname="runner.RunnerFile3" name="Scenario" time="52.420"/>
  <system-out/>
  <testcase classname="runner.RunnerFile3" name="Scenario" time="48.505"/>
  <system-out/>
  <testcase classname="runner.RunnerFile3" name="Scenario" time="43.735"/>
  <system-out/>
  <testcase classname="runner.RunnerFile3" name="Scenario" time="26.859"/>
  <system-out/>
  <testcase classname="runner.RunnerFile3" name="Scenario" time="155.081"/>
  <system-out/>
  <testcase classname="runner.RunnerFile3" name="Scenario" time="26.200"/>
  <system-out/>
  <testcase classname="runner.RunnerFile3" name="Scenario" time="100.868"/>
  <system-out/>
  <testcase classname="runner.RunnerFile3" name="Scenario" time="59.578"/>
  <system-out/>
  <testcase classname="runner.RunnerFile3" name="Scenario" time="56.756"/>
  <system-out/>
  <testcase classname="runner.RunnerFile3" name="Scenario" time="70.168"/>
  <system-out/>
  <testcase classname="runner.RunnerFile3" name="Scenario" time="50.710"/>
  <system-out/>
  <testcase classname="runner.RunnerFile3" name="Scenario" time="80.156"/>
  <system-out/>
  <testcase classname="runner.RunnerFile3" name="Scenario" time="153.120"/>
  <system-out/>
  <testcase classname="runner.RunnerFile3" name="Scenario" time="56.157"/>
  <system-out/>
  <testcase classname="runner.RunnerFile3" name="Scenario" time="46.895"/>
  <system-out/>
  <testcase classname="runner.RunnerFile3" name="Scenario" time="99.130"/>
  <system-out/>
</testsuite> <!-- runner.RunnerFile3 -->
